
                         MODELLER 9.25, 2020/09/03, r11894

     PROTEIN STRUCTURE MODELLING BY SATISFACTION OF SPATIAL RESTRAINTS


                     Copyright(c) 1989-2020 Andrej Sali
                            All Rights Reserved

                             Written by A. Sali
                               with help from
              B. Webb, M.S. Madhusudhan, M-Y. Shen, G.Q. Dong,
          M.A. Marti-Renom, N. Eswar, F. Alber, M. Topf, B. Oliva,
             A. Fiser, R. Sanchez, B. Yerkovich, A. Badretdinov,
                     F. Melo, J.P. Overington, E. Feyfant
                 University of California, San Francisco, USA
                    Rockefeller University, New York, USA
                      Harvard University, Cambridge, USA
                   Imperial Cancer Research Fund, London, UK
              Birkbeck College, University of London, London, UK


Kind, OS, HostName, Kernel, Processor: 4, Darwin malash2 19.6.0 x86_64
Date and time of compilation         : 2020/09/03 08:25:47
MODELLER executable type             : mac10v4-intel64
Job starting time (YY/MM/DD HH:MM:SS): 2020/11/11 17:57:56

openf___224_> Open           $(LIB)/restyp.lib
openf___224_> Open           ${MODINSTALL9v25}/modlib/resgrp.lib
rdresgr_266_> Number of residue groups:        2
openf___224_> Open           ${MODINSTALL9v25}/modlib/sstruc.lib

Dynamically allocated memory at   amaxlibraries [B,KiB,MiB]:       191566     187.076     0.183

Dynamically allocated memory at   amaxlibraries [B,KiB,MiB]:       192094     187.592     0.183
openf___224_> Open           ${MODINSTALL9v25}/modlib/resdih.lib

Dynamically allocated memory at   amaxlibraries [B,KiB,MiB]:       240694     235.053     0.230
rdrdih__263_> Number of dihedral angle types         :        9
              Maximal number of dihedral angle optima:        3
              Dihedral angle names                   :  Alph Phi Psi Omeg chi1 chi2 chi3 chi4 chi5
openf___224_> Open           ${MODINSTALL9v25}/modlib/radii.lib

Dynamically allocated memory at   amaxlibraries [B,KiB,MiB]:       253994     248.041     0.242
openf___224_> Open           ${MODINSTALL9v25}/modlib/radii14.lib
openf___224_> Open           ${MODINSTALL9v25}/modlib/af_mnchdef.lib
rdwilmo_274_> Mainchain residue conformation classes:  APBLE
openf___224_> Open           ${MODINSTALL9v25}/modlib/mnch.lib
rdclass_257_> Number of classes:        5
openf___224_> Open           ${MODINSTALL9v25}/modlib/mnch1.lib
openf___224_> Open           ${MODINSTALL9v25}/modlib/mnch2.lib
openf___224_> Open           ${MODINSTALL9v25}/modlib/mnch3.lib
openf___224_> Open           ${MODINSTALL9v25}/modlib/xs4.mat
rdrrwgh_268_> Number of residue types:       21
openf___224_> Open           pdb_95.pir

Dynamically allocated memory at amaxsequence_db [B,KiB,MiB]:       298792     291.789     0.285

Dynamically allocated memory at amaxsequence_db [B,KiB,MiB]:       885926     865.162     0.845

Dynamically allocated memory at   amaxalignment [B,KiB,MiB]:       888034     867.221     0.847

Dynamically allocated memory at   amaxalignment [B,KiB,MiB]:       889484     868.637     0.848

Dynamically allocated memory at   amaxalignment [B,KiB,MiB]:       892384     871.469     0.851

Dynamically allocated memory at amaxsequence_db [B,KiB,MiB]:      3108183    3035.335     2.964

Dynamically allocated memory at   amaxalignment [B,KiB,MiB]:      3113983    3040.999     2.970

Dynamically allocated memory at   amaxalignment [B,KiB,MiB]:      3125583    3052.327     2.981

Dynamically allocated memory at   amaxalignment [B,KiB,MiB]:      3148783    3074.983     3.003

Dynamically allocated memory at amaxsequence_db [B,KiB,MiB]:      4256683    4156.917     4.059

SEQ_DATABASE_FILE         : pdb_95.pir
SEQ_DATABASE_FORMAT       : PIR
CHAINS_LIST               : ALL
CLEAN_SEQUENCES           :            T
MINMAX_DB_SEQ_LEN         :           30        4000
Number of sequences       :        11079
Number of residues        :      2436254
Length of longest sequence:         1491


SEQ_DATABASE_FILE         : pdb_95.bin
SEQ_DATABASE_FORMAT       : BINARY
SEARCH_CHAINS_LIST        : ALL
Number of sequences       :        11079
Number of residues        :      2436254
Length of longest sequence:         1491


SEQ_DATABASE_FILE         : pdb_95.bin
SEQ_DATABASE_FORMAT       : BINARY
CHAINS_LIST               : ALL
CLEAN_SEQUENCES           :            T
MINMAX_DB_SEQ_LEN         :            0      999999
Number of sequences       :        11079
Number of residues        :      2436254
Length of longest sequence:         1491

openf___224_> Open           pet1.ali

Dynamically allocated memory at   amaxalignment [B,KiB,MiB]:       300978     293.924     0.287

Dynamically allocated memory at   amaxalignment [B,KiB,MiB]:       302428     295.340     0.288

Dynamically allocated memory at   amaxalignment [B,KiB,MiB]:       305328     298.172     0.291

Dynamically allocated memory at   amaxalignment [B,KiB,MiB]:       311128     303.836     0.297

Dynamically allocated memory at    amaxsequence [B,KiB,MiB]:       312240     304.922     0.298

Read the alignment from file       : pet1.ali

Total number of alignment positions:   279

  #  Code        #_Res #_Segm PDB_code    Name
-------------------------------------------------------------------------------
  1       BURK     279      1        BURK

Dynamically allocated memory at     amaxprofile [B,KiB,MiB]:       313681     306.329     0.299
openf___224_> Open           ${LIB}/blosum62.sim.mat
rdrrwgh_268_> Number of residue types:       21

Dynamically allocated memory at amaxsequence_db [B,KiB,MiB]:       590151     576.319     0.563
profile_iteration_> processing sequence:       1    279      1     0.0000000     0.0000000     0.0000000     1

Dynamically allocated memory at amaxsequence_db [B,KiB,MiB]:       599448     585.398     0.572
profile_iteration_> processing sequence:    1109    279      1     0.2700000     0.0002435     0.0000011  1109

Dynamically allocated memory at amaxsequence_db [B,KiB,MiB]:       607236     593.004     0.579
profile_iteration_> processing sequence:    2217    279      1     0.5700000     0.0002571     0.0000012  2217
profile_iteration_> processing sequence:    3325    279      1     0.8600000     0.0002586     0.0000012  3325
profile_iteration_> processing sequence:    4433    279      1     1.1400000     0.0002572     0.0000011  3889
profile_iteration_> processing sequence:    5541    279      1     1.4299999     0.0002581     0.0000012  3875
profile_iteration_> processing sequence:    6649    279      1     1.7100000     0.0002572     0.0000012  3888
profile_iteration_> processing sequence:    7757    279      1     1.9900000     0.0002565     0.0000012  3898
profile_iteration_> processing sequence:    8865    279      1     2.2700000     0.0002561     0.0000012  3905
profile_iteration_> processing sequence:    9973    279      1     2.5300000     0.0002537     0.0000012  3942
 AVERAGE RESIDUAL STANDARD ERROR:    44.81076
 AVERAGE RESIDUAL STANDARD DEVIATION:    252.2027
profile_660_> Quality of the fit between observed/expected score distributions.
              [Iteration, Chi2, nbins, KS-Stat, nscores ] =        1,        0.0706,      121,        0.0144,    11079

HISTOGRAM OF Z-SCORES:

Z:         1  -3.95000   0.00000   0.00000
Z:         1  -3.85000   0.00000   0.00000
Z:         1  -3.75000   0.00000   0.00000
Z:         1  -3.65000   0.00000   0.00000
Z:         1  -3.55000   0.00000   0.00000
Z:         1  -3.45000   0.00000   0.00000
Z:         1  -3.35000   0.00000   0.00000
Z:         1  -3.25000   0.00000   0.00000
Z:         1  -3.15000   0.00000   0.00000
Z:         1  -3.05000   0.00000   0.00000
Z:         1  -2.95000   0.00000   0.00000
Z:         1  -2.85000   0.00000   0.00000
Z:         1  -2.75000   0.00000   0.00000
Z:         1  -2.65000   0.00000   0.00000
Z:         1  -2.55000   0.00000   0.00001
Z:         1  -2.45000   0.00090   0.00004
Z:         1  -2.35000   0.00000   0.00016
Z:         1  -2.25000   0.00181   0.00055
Z:         1  -2.15000   0.00181   0.00163
Z:         1  -2.05000   0.00632   0.00416
Z:         1  -1.95000   0.01264   0.00933
Z:         1  -1.85000   0.01444   0.01872
Z:         1  -1.75000   0.02437   0.03400
Z:         1  -1.65000   0.05416   0.05658
Z:         1  -1.55000   0.08304   0.08721
Z:         1  -1.45000   0.13720   0.12565
Z:         1  -1.35000   0.16608   0.17059
Z:         1  -1.25000   0.19857   0.21981
Z:         1  -1.15000   0.21843   0.27052
Z:         1  -1.05000   0.32223   0.31973
Z:         1  -0.95000   0.34841   0.36469
Z:         1  -0.85000   0.40527   0.40316
Z:         1  -0.75000   0.43506   0.43360
Z:         1  -0.65000   0.44679   0.45519
Z:         1  -0.55000   0.47477   0.46779
Z:         1  -0.45000   0.47297   0.47182
Z:         1  -0.35000   0.43957   0.46811
Z:         1  -0.25000   0.47387   0.45775
Z:         1  -0.15000   0.40347   0.44196
Z:         1  -0.05000   0.50636   0.42194
Z:         1   0.05000   0.41249   0.39889
Z:         1   0.15000   0.36646   0.37383
Z:         1   0.25000   0.34299   0.34769
Z:         1   0.35000   0.35563   0.32121
Z:         1   0.45000   0.29064   0.29500
Z:         1   0.55000   0.27891   0.26953
Z:         1   0.65000   0.24100   0.24513
Z:         1   0.75000   0.24100   0.22205
Z:         1   0.85000   0.16789   0.20043
Z:         1   0.95000   0.17601   0.18036
Z:         1   1.05000   0.15886   0.16185
Z:         1   1.15000   0.15074   0.14489
Z:         1   1.25000   0.11012   0.12944
Z:         1   1.35000   0.13720   0.11542
Z:         1   1.45000   0.09116   0.10275
Z:         1   1.55000   0.10380   0.09133
Z:         1   1.65000   0.08846   0.08109
Z:         1   1.75000   0.07401   0.07191
Z:         1   1.85000   0.06138   0.06371
Z:         1   1.95000   0.07221   0.05639
Z:         1   2.05000   0.03971   0.04988
Z:         1   2.15000   0.06589   0.04409
Z:         1   2.25000   0.02076   0.03895
Z:         1   2.35000   0.02798   0.03439
Z:         1   2.45000   0.02076   0.03035
Z:         1   2.55000   0.02708   0.02678
Z:         1   2.65000   0.02437   0.02361
Z:         1   2.75000   0.02618   0.02082
Z:         1   2.85000   0.01625   0.01835
Z:         1   2.95000   0.01895   0.01617
Z:         1   3.05000   0.00903   0.01424
Z:         1   3.15000   0.01444   0.01255
Z:         1   3.25000   0.01534   0.01105
Z:         1   3.35000   0.01264   0.00973
Z:         1   3.45000   0.00812   0.00857
Z:         1   3.55000   0.00632   0.00754
Z:         1   3.65000   0.00722   0.00664
Z:         1   3.75000   0.01264   0.00584
Z:         1   3.85000   0.00632   0.00514
Z:         1   3.95000   0.00451   0.00453
Z:         1   4.05000   0.00271   0.00398
Z:         1   4.15000   0.00812   0.00350
Z:         1   4.25000   0.00271   0.00308
Z:         1   4.35000   0.00451   0.00271
Z:         1   4.45000   0.00451   0.00239
Z:         1   4.55000   0.00181   0.00210
Z:         1   4.65000   0.00090   0.00185
Z:         1   4.75000   0.00090   0.00163
Z:         1   4.85000   0.00361   0.00143
Z:         1   4.95000   0.00361   0.00126
Z:         1   5.05000   0.00000   0.00111
Z:         1   5.15000   0.00181   0.00097
Z:         1   5.25000   0.00181   0.00086
Z:         1   5.35000   0.00181   0.00075
Z:         1   5.45000   0.00090   0.00066
Z:         1   5.55000   0.00090   0.00058
Z:         1   5.65000   0.00000   0.00051
Z:         1   5.75000   0.00000   0.00045
Z:         1   5.85000   0.00000   0.00040
Z:         1   5.95000   0.00000   0.00035
Z:         1   6.05000   0.00090   0.00031
Z:         1   6.15000   0.00000   0.00027
Z:         1   6.25000   0.00000   0.00024
Z:         1   6.35000   0.00000   0.00021
Z:         1   6.45000   0.00000   0.00018
Z:         1   6.55000   0.00000   0.00016
Z:         1   6.65000   0.00090   0.00014
Z:         1   6.75000   0.00090   0.00013
Z:         1   6.85000   0.00000   0.00011
Z:         1   6.95000   0.00000   0.00010
Z:         1   7.05000   0.00000   0.00009
Z:         1   7.15000   0.00000   0.00007
Z:         1   7.25000   0.00090   0.00007
Z:         1   7.35000   0.00090   0.00006
Z:         1   7.45000   0.00000   0.00005
Z:         1   7.55000   0.00000   0.00004
Z:         1   7.65000   0.00000   0.00004
Z:         1   7.75000   0.00000   0.00003
Z:         1   7.85000   0.00000   0.00003
Z:         1   7.95000   0.00000   0.00003
Z:         1   8.05000   0.00000   0.00002

HITS FOUND IN ITERATION:     1


Dynamically allocated memory at     amaxprofile [B,KiB,MiB]:       847436     827.574     0.808
> 1jfrA                      1    5030   29600     260     279   50.00     0.0           2   242    28   274     6   253

profile_iteration__> Weight Matrix           [sec]:     0.000000
profile_iteration__> Score Collection        [sec]:     2.810000
profile_iteration__> Score Collection/Seq    [sec]:     0.000254
profile_iteration__> DP Steps per sec    [ali/sec]:  3956.785889
profile_iteration__> Statistics              [sec]:     0.010000
profile_iteration__> Add to profile          [sec]:     0.000000
profile_iteration__> Overall performance    [/seq]:     0.000255
profile_iteration__> Overall performance [seq/sec]:  3914.841064
openf___224_> Open           pet_build_profile.prf

Dynamically allocated memory at   amaxalignment [B,KiB,MiB]:       565743     552.483     0.540

Dynamically allocated memory at    amaxsequence [B,KiB,MiB]:       566855     553.569     0.541

Dynamically allocated memory at    amaxsequence [B,KiB,MiB]:       567819     554.511     0.542
openf___224_> Open           pet_build_profile.ali

Dynamically allocated memory at          finish [B,KiB,MiB]:       554289     541.298     0.529
Starting time                                            : 2020/11/11 17:57:56
Closing time                                             : 2020/11/11 17:58:02
Total CPU time [seconds]                                 :       4.80
