
                         MODELLER 9.25, 2020/09/03, r11894

     PROTEIN STRUCTURE MODELLING BY SATISFACTION OF SPATIAL RESTRAINTS


                     Copyright(c) 1989-2020 Andrej Sali
                            All Rights Reserved

                             Written by A. Sali
                               with help from
              B. Webb, M.S. Madhusudhan, M-Y. Shen, G.Q. Dong,
          M.A. Marti-Renom, N. Eswar, F. Alber, M. Topf, B. Oliva,
             A. Fiser, R. Sanchez, B. Yerkovich, A. Badretdinov,
                     F. Melo, J.P. Overington, E. Feyfant
                 University of California, San Francisco, USA
                    Rockefeller University, New York, USA
                      Harvard University, Cambridge, USA
                   Imperial Cancer Research Fund, London, UK
              Birkbeck College, University of London, London, UK


Kind, OS, HostName, Kernel, Processor: 4, Darwin malash2 19.6.0 x86_64
Date and time of compilation         : 2020/09/03 08:25:47
MODELLER executable type             : mac10v4-intel64
Job starting time (YY/MM/DD HH:MM:SS): 2020/11/11 18:11:26


check_ali___> Checking the sequence-structure alignment. 

Implied intrachain target CA(i)-CA(i+1) distances longer than  8.0 angstroms:

ALN_POS  TMPL  RID1  RID2  NAM1  NAM2     DIST
----------------------------------------------
END OF TABLE
read_to_681_> topology.submodel read from topology file:        3
The following 1 residues contain 6-membered rings with poor geometries
after transfer from templates. Rebuilding rings from internal coordinates:
   <Residue 183 (type PHE)>
mdtrsr__446W> A potential that relies on one protein is used, yet you have at
              least one known structure available. MDT, not library, potential is used.
0 atoms in HETATM/BLK residues constrained
to protein atoms within 2.30 angstroms
and protein CA atoms within 10.00 angstroms
0 atoms in residues without defined topology
constrained to be rigid bodies
condens_443_> Restraints marked for deletion were removed.
              Total number of restraints before, now:    26239    24305
iupac_m_397W> Atoms were not swapped because of the uncertainty of how to handle the H atom.
iupac_m_397W> Atoms were not swapped because of the uncertainty of how to handle the H atom.
iupac_m_397W> Atoms were not swapped because of the uncertainty of how to handle the H atom.
>> Model assessment by DOPE potential
iatmcls_286W> MODEL atom not classified:  SER:OXT  SER


>> ENERGY; Differences between the model's features and restraints:
Number of all residues in MODEL                   :      279
Number of all, selected real atoms                :     2083    2083
Number of all, selected pseudo atoms              :        0       0
Number of all static, selected restraints         :    24305   24305
COVALENT_CYS                                      :        F
NONBONDED_SEL_ATOMS                               :        1
Number of non-bonded pairs (excluding 1-2,1-3,1-4):   434662
Dynamic pairs routine                             : 1, NATM x NATM double loop
Atomic shift for contacts update (UPDATE_DYNAMIC) :    0.390
LENNARD_JONES_SWITCH                              :    6.500   7.500
COULOMB_JONES_SWITCH                              :    6.500   7.500
RESIDUE_SPAN_RANGE                                :        1    9999
NLOGN_USE                                         :       15
CONTACT_SHELL                                     :   15.000
DYNAMIC_PAIRS,_SPHERE,_COULOMB,_LENNARD,_MODELLER :        T       F       F       F       T
SPHERE_STDV                                       :    0.050
RADII_FACTOR                                      :    0.820
Current energy                                    :      -27532.7402




<< end of ENERGY.
DOPE score               : -27532.740234
>> Model assessment by GA341 potential

Surface library          : /Library/modeller-9.25/modlib/surf5.de
Pair library             : /Library/modeller-9.25/modlib/pair9.de
Chain identifier         : _
% sequence identity      :    48.462002
Sequence length          :          279
Compactness              :     0.194095
Native energy (pair)     :   -79.023379
Native energy (surface)  :     2.983617
Native energy (combined) :    -1.380041
Z score (pair)           :    -6.301741
Z score (surface)        :    -2.709630
Z score (combined)       :    -6.480676
GA341 score              :     1.000000



>> ENERGY; Differences between the model's features and restraints:
Number of all residues in MODEL                   :      279
Number of all, selected real atoms                :     2083    2083
Number of all, selected pseudo atoms              :        0       0
Number of all static, selected restraints         :    24305   24305
COVALENT_CYS                                      :        F
NONBONDED_SEL_ATOMS                               :        1
Number of non-bonded pairs (excluding 1-2,1-3,1-4):     4609
Dynamic pairs routine                             : 2, NATM x NATM cell sorting
Atomic shift for contacts update (UPDATE_DYNAMIC) :    0.390
LENNARD_JONES_SWITCH                              :    6.500   7.500
COULOMB_JONES_SWITCH                              :    6.500   7.500
RESIDUE_SPAN_RANGE                                :        0   99999
NLOGN_USE                                         :       15
CONTACT_SHELL                                     :    4.000
DYNAMIC_PAIRS,_SPHERE,_COULOMB,_LENNARD,_MODELLER :        T       T       F       F       F
SPHERE_STDV                                       :    0.050
RADII_FACTOR                                      :    0.820
Current energy                                    :        1546.6313





Summary of the restraint violations: 

   NUM     ... number of restraints.
   NUMVI   ... number of restraints with RVIOL > VIOL_REPORT_CUT[i].
   RVIOL   ... relative difference from the best value.
   NUMVP   ... number of restraints with -Ln(pdf) > VIOL_REPORT_CUT2[i].
   RMS_1   ... RMS(feature, minimally_violated_basis_restraint, NUMB).
   RMS_2   ... RMS(feature, best_value, NUMB).
   MOL.PDF ... scaled contribution to -Ln(Molecular pdf).

 #                     RESTRAINT_GROUP      NUM   NUMVI  NUMVP   RMS_1   RMS_2         MOL.PDF     S_i
------------------------------------------------------------------------------------------------------
 1 Bond length potential              :    2134       0      0   0.006   0.006      23.951       1.000
 2 Bond angle potential               :    2910       0      6   2.071   2.071      247.36       1.000
 3 Stereochemical cosine torsion poten:    1404       0     40  48.728  48.728      517.21       1.000
 4 Stereochemical improper torsion pot:     887       0      0   1.184   1.184      28.970       1.000
 5 Soft-sphere overlap restraints     :    4609       0      0   0.002   0.002      2.5618       1.000
 6 Lennard-Jones 6-12 potential       :       0       0      0   0.000   0.000      0.0000       1.000
 7 Coulomb point-point electrostatic p:       0       0      0   0.000   0.000      0.0000       1.000
 8 H-bonding potential                :       0       0      0   0.000   0.000      0.0000       1.000
 9 Distance restraints 1 (CA-CA)      :    6012       0      8   0.249   0.249      135.75       1.000
10 Distance restraints 2 (N-O)        :    6065       0      5   0.277   0.277      183.20       1.000
11 Mainchain Phi dihedral restraints  :       0       0      0   0.000   0.000      0.0000       1.000
12 Mainchain Psi dihedral restraints  :       0       0      0   0.000   0.000      0.0000       1.000
13 Mainchain Omega dihedral restraints:     278       1      3  11.536  11.536      58.093       1.000
14 Sidechain Chi_1 dihedral restraints:     222       0      2  70.551  70.551      40.126       1.000
15 Sidechain Chi_2 dihedral restraints:     144       0      1  67.609  67.609      43.489       1.000
16 Sidechain Chi_3 dihedral restraints:      60       0      0  60.773  60.773      33.834       1.000
17 Sidechain Chi_4 dihedral restraints:      23       0      0  86.280  86.280      15.115       1.000
18 Disulfide distance restraints      :       0       0      0   0.000   0.000      0.0000       1.000
19 Disulfide angle restraints         :       0       0      0   0.000   0.000      0.0000       1.000
20 Disulfide dihedral angle restraints:       0       0      0   0.000   0.000      0.0000       1.000
21 Lower bound distance restraints    :       0       0      0   0.000   0.000      0.0000       1.000
22 Upper bound distance restraints    :       0       0      0   0.000   0.000      0.0000       1.000
23 Distance restraints 3 (SDCH-MNCH)  :    2679       0      0   0.385   0.385      49.270       1.000
24 Sidechain Chi_5 dihedral restraints:       0       0      0   0.000   0.000      0.0000       1.000
25 Phi/Psi pair of dihedral restraints:     277      28     25  27.758  58.563      113.27       1.000
26 Distance restraints 4 (SDCH-SDCH)  :    1210       0      0   0.548   0.548      54.423       1.000
27 Distance restraints 5 (X-Y)        :       0       0      0   0.000   0.000      0.0000       1.000
28 NMR distance restraints 6 (X-Y)    :       0       0      0   0.000   0.000      0.0000       1.000
29 NMR distance restraints 7 (X-Y)    :       0       0      0   0.000   0.000      0.0000       1.000
30 Minimal distance restraints        :       0       0      0   0.000   0.000      0.0000       1.000
31 Non-bonded restraints              :       0       0      0   0.000   0.000      0.0000       1.000
32 Atomic accessibility restraints    :       0       0      0   0.000   0.000      0.0000       1.000
33 Atomic density restraints          :       0       0      0   0.000   0.000      0.0000       1.000
34 Absolute position restraints       :       0       0      0   0.000   0.000      0.0000       1.000
35 Dihedral angle difference restraint:       0       0      0   0.000   0.000      0.0000       1.000
36 GBSA implicit solvent potential    :       0       0      0   0.000   0.000      0.0000       1.000
37 EM density fitting potential       :       0       0      0   0.000   0.000      0.0000       1.000
38 SAXS restraints                    :       0       0      0   0.000   0.000      0.0000       1.000
39 Symmetry restraints                :       0       0      0   0.000   0.000      0.0000       1.000



# Heavy relative violation of each residue is written to: BURK.V99990001
# The profile is NOT normalized by the number of restraints.
# The profiles are smoothed over a window of residues:    1
# The sum of all numbers in the file:   27635.7637



List of the violated restraints:
   A restraint is violated when the relative difference
   from the best value (RVIOL) is larger than CUTOFF.

   ICSR   ... index of a restraint in the current set.
   RESNO  ... residue numbers of the first two atoms.
   ATM    ... IUPAC atom names of the first two atoms.
   FEAT   ... the value of the feature in the model.
   restr  ... the mean of the basis restraint with the smallest
              difference from the model (local minimum).
   viol   ... difference from the local minimum.
   rviol  ... relative difference from the local minimum.
   RESTR  ... the best value (global minimum).
   VIOL   ... difference from the best value.
   RVIOL  ... relative difference from the best value.


-------------------------------------------------------------------------------------------------

Feature 13                           : Mainchain Omega dihedral restraints     
List of the RVIOL violations larger than   :       4.5000

    #   ICSR  RESNO1/2 ATM1/2   INDATM1/2    FEAT   restr    viol   rviol   RESTR    VIOL   RVIOL
    1   7874 262C 262C CA  C    1948 1951    0.03 -179.18  179.22   41.65 -179.18  179.22   41.65

-------------------------------------------------------------------------------------------------

Feature 25                           : Phi/Psi pair of dihedral restraints     
List of the RVIOL violations larger than   :       6.5000

    #   ICSR  RESNO1/2 ATM1/2   INDATM1/2    FEAT   restr    viol   rviol   RESTR    VIOL   RVIOL
    1   7340   5R   6L C   N      43   45 -142.72 -108.50   45.25    2.02  -63.50  175.58   29.28
    1          6L   6L N   CA     45   46  162.10  132.50                  -41.20
    2   7341   6L   7F C   N      51   53  -63.86  -71.40    9.60    0.54  -63.20  179.06   24.82
    2          7F   7F N   CA     53   54  134.76  140.70                  -44.30
    3   7342   7F   8Q C   N      62   64 -123.63 -121.10   27.11    1.25  -63.80  164.29   27.32
    3          8Q   8Q N   CA     64   65  166.69  139.70                  -40.30
    4   7344   9V  10A C   N      78   80 -160.28 -134.00   33.43    0.88  -62.50 -179.74   34.73
    4         10A  10A N   CA     80   81  167.66  147.00                  -40.90
    5   7345  10A  11C C   N      83   85   62.48   57.40   16.05    0.53 -117.90 -143.80    9.25
    5         11C  11C N   CA     85   86   20.78   36.00                  141.10
    6   7347  12L  13A C   N      97   99  -80.71  -68.20   15.31    1.00  -62.50  165.98   28.13
    6         13A  13A N   CA     99  100  154.13  145.30                  -40.90
    7   7348  13A  14A C   N     102  104 -138.47 -134.00    5.41    0.13  -62.50 -174.66   34.45
    7         14A  14A N   CA    104  105  150.04  147.00                  -40.90
    8   7350  15T  16L C   N     114  116 -121.33 -108.50   27.05    1.30  -63.50  172.46   27.52
    8         16L  16L N   CA    116  117  156.32  132.50                  -41.20
    9   7352  17V  18T C   N     129  131 -143.96 -124.80   38.78    1.21  -63.20  162.22   25.98
    9         18T  18T N   CA    131  132  177.21  143.50                  -42.10
   10   7353  18T  19A C   N     136  138  -63.07  -68.20    7.52    0.74  -62.50  168.31   27.61
   10         19A  19A N   CA    138  139  150.80  145.30                  -40.90
   11   7354  19A  20T C   N     141  143 -115.94 -124.80   14.04    0.83  -63.20  171.81   25.54
   11         20T  20T N   CA    143  144  154.39  143.50                  -42.10
   12   7355  20T  21A C   N     148  150  -96.77  -68.20   28.70    2.34  -62.50  174.49   30.39
   12         21A  21A N   CA    150  151  148.01  145.30                  -40.90
   13   7356  21A  22A C   N     153  155 -104.48 -134.00   29.56    0.92  -62.50  178.77   31.51
   13         22A  22A N   CA    155  156  145.33  147.00                  -40.90
   14   7357  22A  23S C   N     158  160  -92.81  -72.40   30.23    2.39  -64.10  167.59   10.77
   14         23S  23S N   CA    160  161  130.11  152.40                  -35.00
   15   7360  25V  26Q C   N     176  178 -112.12 -121.10   24.37    1.26  -63.80  164.60   26.78
   15         26Q  26Q N   CA    178  179  162.35  139.70                  -40.30
   16   7361  26Q  27I C   N     185  187  -62.93  -63.40   10.16    1.65 -120.60 -174.84   12.74
   16         27I  27I N   CA    187  188  -53.75  -43.60                  130.30
   17   7386  51S  52A C   N     362  364 -179.59 -134.00   50.58    1.15  -68.20  113.86    8.81
   17         52A  52A N   CA    364  365  168.88  147.00                  145.30
   18   7400  65N  66A C   N     462  464  -78.52  -68.20   42.43    3.06  -62.50  133.61   22.72
   18         66A  66A N   CA    464  465 -173.54  145.30                  -40.90
   19   7401  66A  67G C   N     467  469  126.85   82.20   55.89    2.07  -62.40  171.50   29.94
   19         67G  67G N   CA    469  470  -25.12    8.50                  -41.20
   20   7402  67G  68A C   N     471  473  159.65 -134.00   72.73    1.65  -62.50 -161.87   39.50
   20         68A  68A N   CA    473  474  176.79  147.00                  -40.90
   21   7468 133S 134T C   N     974  976  -24.43 -124.80  108.49    4.56  -63.20  149.53   21.76
   21        134T 134T N   CA    976  977  102.32  143.50                  -42.10
   22   7469 134T 135S C   N     981  983 -111.32 -136.60   32.42    1.00  -64.10  172.50   10.67
   22        135S 135S N   CA    983  984  130.91  151.20                  -35.00
   23   7473 138Y 139N C   N    1014 1016   86.97   55.90  102.95    9.54  -63.20 -126.55   37.19
   23        139N 139N N   CA   1016 1017  137.65   39.50                  -41.10
   24   7486 151W 152S C   N    1111 1113   65.06  -64.10  157.74   14.73  -64.10  157.74   14.73
   24        152S 152S N   CA   1113 1114 -125.55  -35.00                  -35.00
   25   7521 186L 187T C   N    1356 1358 -125.53  -63.20   82.88    9.32  -63.20   82.88    9.32
   25        187T 187T N   CA   1358 1359   12.52  -42.10                  -42.10
   26   7551 216R 217N C   N    1583 1585  -54.45 -119.90   87.36    4.71  -63.20  124.34   15.08
   26        217N 217N N   CA   1585 1586 -165.13  137.00                  -41.10
   27   7560 225T 226A C   N    1663 1665   55.11   55.40   14.72    0.86  -62.50  150.44   30.40
   27        226A 226A N   CA   1665 1666   52.92   38.20                  -40.90
   28   7612 277R 278C C   N    2069 2071 -148.36 -117.90   94.45    4.09  -63.00  126.08   14.06
   28        278C 278C N   CA   2071 2072   51.70  141.10                  -41.10


report______> Distribution of short non-bonded contacts:


DISTANCE1:  0.00 2.10 2.20 2.30 2.40 2.50 2.60 2.70 2.80 2.90 3.00 3.10 3.20 3.30 3.40
DISTANCE2:  2.10 2.20 2.30 2.40 2.50 2.60 2.70 2.80 2.90 3.00 3.10 3.20 3.30 3.40 3.50
FREQUENCY:     0    0    0    0    0   16   24   90  149  212  210  223  273  352  366


<< end of ENERGY.
iupac_m_397W> Atoms were not swapped because of the uncertainty of how to handle the H atom.
iupac_m_397W> Atoms were not swapped because of the uncertainty of how to handle the H atom.
>> Model assessment by DOPE potential
iatmcls_286W> MODEL atom not classified:  SER:OXT  SER


>> ENERGY; Differences between the model's features and restraints:
Number of all residues in MODEL                   :      279
Number of all, selected real atoms                :     2083    2083
Number of all, selected pseudo atoms              :        0       0
Number of all static, selected restraints         :    24305   24305
COVALENT_CYS                                      :        F
NONBONDED_SEL_ATOMS                               :        1
Number of non-bonded pairs (excluding 1-2,1-3,1-4):   436834
Dynamic pairs routine                             : 1, NATM x NATM double loop
Atomic shift for contacts update (UPDATE_DYNAMIC) :    0.390
LENNARD_JONES_SWITCH                              :    6.500   7.500
COULOMB_JONES_SWITCH                              :    6.500   7.500
RESIDUE_SPAN_RANGE                                :        1    9999
NLOGN_USE                                         :       15
CONTACT_SHELL                                     :   15.000
DYNAMIC_PAIRS,_SPHERE,_COULOMB,_LENNARD,_MODELLER :        T       F       F       F       T
SPHERE_STDV                                       :    0.050
RADII_FACTOR                                      :    0.820
Current energy                                    :      -27165.0449




<< end of ENERGY.
DOPE score               : -27165.044922
>> Model assessment by GA341 potential

Surface library          : /Library/modeller-9.25/modlib/surf5.de
Pair library             : /Library/modeller-9.25/modlib/pair9.de
Chain identifier         : _
% sequence identity      :    48.462002
Sequence length          :          279
Compactness              :     0.256724
Native energy (pair)     :   -88.219904
Native energy (surface)  :     6.730247
Native energy (combined) :    -0.976307
Z score (pair)           :    -6.553023
Z score (surface)        :    -2.182053
Z score (combined)       :    -5.796008
GA341 score              :     1.000000



>> ENERGY; Differences between the model's features and restraints:
Number of all residues in MODEL                   :      279
Number of all, selected real atoms                :     2083    2083
Number of all, selected pseudo atoms              :        0       0
Number of all static, selected restraints         :    24305   24305
COVALENT_CYS                                      :        F
NONBONDED_SEL_ATOMS                               :        1
Number of non-bonded pairs (excluding 1-2,1-3,1-4):     4752
Dynamic pairs routine                             : 2, NATM x NATM cell sorting
Atomic shift for contacts update (UPDATE_DYNAMIC) :    0.390
LENNARD_JONES_SWITCH                              :    6.500   7.500
COULOMB_JONES_SWITCH                              :    6.500   7.500
RESIDUE_SPAN_RANGE                                :        0   99999
NLOGN_USE                                         :       15
CONTACT_SHELL                                     :    4.000
DYNAMIC_PAIRS,_SPHERE,_COULOMB,_LENNARD,_MODELLER :        T       T       F       F       F
SPHERE_STDV                                       :    0.050
RADII_FACTOR                                      :    0.820
Current energy                                    :        1643.3713





Summary of the restraint violations: 

   NUM     ... number of restraints.
   NUMVI   ... number of restraints with RVIOL > VIOL_REPORT_CUT[i].
   RVIOL   ... relative difference from the best value.
   NUMVP   ... number of restraints with -Ln(pdf) > VIOL_REPORT_CUT2[i].
   RMS_1   ... RMS(feature, minimally_violated_basis_restraint, NUMB).
   RMS_2   ... RMS(feature, best_value, NUMB).
   MOL.PDF ... scaled contribution to -Ln(Molecular pdf).

 #                     RESTRAINT_GROUP      NUM   NUMVI  NUMVP   RMS_1   RMS_2         MOL.PDF     S_i
------------------------------------------------------------------------------------------------------
 1 Bond length potential              :    2134       0      0   0.006   0.006      23.183       1.000
 2 Bond angle potential               :    2910       0     10   2.060   2.060      244.89       1.000
 3 Stereochemical cosine torsion poten:    1404       0     45  49.025  49.025      526.09       1.000
 4 Stereochemical improper torsion pot:     887       0      1   1.253   1.253      30.858       1.000
 5 Soft-sphere overlap restraints     :    4752       0      0   0.002   0.002      2.6531       1.000
 6 Lennard-Jones 6-12 potential       :       0       0      0   0.000   0.000      0.0000       1.000
 7 Coulomb point-point electrostatic p:       0       0      0   0.000   0.000      0.0000       1.000
 8 H-bonding potential                :       0       0      0   0.000   0.000      0.0000       1.000
 9 Distance restraints 1 (CA-CA)      :    6012       0      8   0.257   0.257      142.90       1.000
10 Distance restraints 2 (N-O)        :    6065       0      8   0.312   0.312      198.64       1.000
11 Mainchain Phi dihedral restraints  :       0       0      0   0.000   0.000      0.0000       1.000
12 Mainchain Psi dihedral restraints  :       0       0      0   0.000   0.000      0.0000       1.000
13 Mainchain Omega dihedral restraints:     278       1      1  11.408  11.408      49.683       1.000
14 Sidechain Chi_1 dihedral restraints:     222       0      2  69.188  69.188      44.121       1.000
15 Sidechain Chi_2 dihedral restraints:     144       0      2  67.363  67.363      45.964       1.000
16 Sidechain Chi_3 dihedral restraints:      60       0      0  69.738  69.738      31.970       1.000
17 Sidechain Chi_4 dihedral restraints:      23       0      0 107.220 107.220      16.163       1.000
18 Disulfide distance restraints      :       0       0      0   0.000   0.000      0.0000       1.000
19 Disulfide angle restraints         :       0       0      0   0.000   0.000      0.0000       1.000
20 Disulfide dihedral angle restraints:       0       0      0   0.000   0.000      0.0000       1.000
21 Lower bound distance restraints    :       0       0      0   0.000   0.000      0.0000       1.000
22 Upper bound distance restraints    :       0       0      0   0.000   0.000      0.0000       1.000
23 Distance restraints 3 (SDCH-MNCH)  :    2679       0      0   0.346   0.346      52.451       1.000
24 Sidechain Chi_5 dihedral restraints:       0       0      0   0.000   0.000      0.0000       1.000
25 Phi/Psi pair of dihedral restraints:     277      34     34  31.175  60.073      143.24       1.000
26 Distance restraints 4 (SDCH-SDCH)  :    1210       0      1   0.697   0.697      90.568       1.000
27 Distance restraints 5 (X-Y)        :       0       0      0   0.000   0.000      0.0000       1.000
28 NMR distance restraints 6 (X-Y)    :       0       0      0   0.000   0.000      0.0000       1.000
29 NMR distance restraints 7 (X-Y)    :       0       0      0   0.000   0.000      0.0000       1.000
30 Minimal distance restraints        :       0       0      0   0.000   0.000      0.0000       1.000
31 Non-bonded restraints              :       0       0      0   0.000   0.000      0.0000       1.000
32 Atomic accessibility restraints    :       0       0      0   0.000   0.000      0.0000       1.000
33 Atomic density restraints          :       0       0      0   0.000   0.000      0.0000       1.000
34 Absolute position restraints       :       0       0      0   0.000   0.000      0.0000       1.000
35 Dihedral angle difference restraint:       0       0      0   0.000   0.000      0.0000       1.000
36 GBSA implicit solvent potential    :       0       0      0   0.000   0.000      0.0000       1.000
37 EM density fitting potential       :       0       0      0   0.000   0.000      0.0000       1.000
38 SAXS restraints                    :       0       0      0   0.000   0.000      0.0000       1.000
39 Symmetry restraints                :       0       0      0   0.000   0.000      0.0000       1.000



# Heavy relative violation of each residue is written to: BURK.V99990002
# The profile is NOT normalized by the number of restraints.
# The profiles are smoothed over a window of residues:    1
# The sum of all numbers in the file:   28700.9785



List of the violated restraints:
   A restraint is violated when the relative difference
   from the best value (RVIOL) is larger than CUTOFF.

   ICSR   ... index of a restraint in the current set.
   RESNO  ... residue numbers of the first two atoms.
   ATM    ... IUPAC atom names of the first two atoms.
   FEAT   ... the value of the feature in the model.
   restr  ... the mean of the basis restraint with the smallest
              difference from the model (local minimum).
   viol   ... difference from the local minimum.
   rviol  ... relative difference from the local minimum.
   RESTR  ... the best value (global minimum).
   VIOL   ... difference from the best value.
   RVIOL  ... relative difference from the best value.


-------------------------------------------------------------------------------------------------

Feature 25                           : Phi/Psi pair of dihedral restraints     
List of the RVIOL violations larger than   :       6.5000

    #   ICSR  RESNO1/2 ATM1/2   INDATM1/2    FEAT   restr    viol   rviol   RESTR    VIOL   RVIOL
    1   7340   5R   6L C   N      43   45 -106.11 -108.50    7.38    0.42  -63.50 -175.70   28.20
    1          6L   6L N   CA     45   46  139.49  132.50                  -41.20
    2   7341   6L   7F C   N      51   53 -149.82 -124.20   25.87    0.90  -63.20 -170.28   31.89
    2          7F   7F N   CA     53   54  146.91  143.30                  -44.30
    3   7342   7F   8Q C   N      62   64 -133.19 -121.10   12.09    0.46  -63.80 -167.25   25.32
    3          8Q   8Q N   CA     64   65  139.53  139.70                  -40.30
    4   7344   9V  10A C   N      78   80 -102.56 -134.00   33.37    0.78  -62.50 -178.79   28.01
    4         10A  10A N   CA     80   81  135.83  147.00                  -40.90
    5   7346  11C  12L C   N      89   91 -101.48  -63.50   89.69   14.80  -63.50   89.69   14.80
    5         12L  12L N   CA     91   92 -122.45  -41.20                  -41.20
    6   7347  12L  13A C   N      97   99  -57.29  -68.20   12.28    0.84  -62.50  179.51   29.17
    6         13A  13A N   CA     99  100  139.67  145.30                  -40.90
    7   7348  13A  14A C   N     102  104  -69.32  -68.20    3.94    0.36  -62.50  177.71   29.46
    7         14A  14A N   CA    104  105  141.53  145.30                  -40.90
    8   7349  14A  15T C   N     107  109 -101.47  -78.10   75.59    2.59  -63.20  103.54   15.80
    8         15T  15T N   CA    109  110 -138.31  149.80                  -42.10
    9   7350  15T  16L C   N     114  116  -61.55  -70.70    9.21    0.87  -63.50  176.14   24.35
    9         16L  16L N   CA    116  117  142.67  141.60                  -41.20
   10   7352  17V  18T C   N     129  131 -115.19 -124.80   23.68    1.29  -63.20  161.36   24.14
   10         18T  18T N   CA    131  132  165.14  143.50                  -42.10
   11   7353  18T  19A C   N     136  138  -68.54  -68.20    4.97    0.39  -62.50  168.95   27.99
   11         19A  19A N   CA    138  139  150.26  145.30                  -40.90
   12   7355  20T  21A C   N     148  150  -85.60  -68.20   17.54    1.56  -62.50  177.53   30.28
   12         21A  21A N   CA    150  151  143.08  145.30                  -40.90
   13   7356  21A  22A C   N     153  155 -170.15 -134.00   38.40    0.89  -62.50 -167.85   37.19
   13         22A  22A N   CA    155  156  159.94  147.00                  -40.90
   14   7357  22A  23S C   N     158  160 -129.49 -136.60   16.11    0.64  -64.10 -176.23   11.35
   14         23S  23S N   CA    160  161  136.75  151.20                  -35.00
   15   7358  23S  24A C   N     164  166 -143.26 -134.00   10.41    0.24  -62.50 -174.18   34.78
   15         24A  24A N   CA    166  167  151.75  147.00                  -40.90
   16   7360  25V  26Q C   N     176  178  -81.98  -73.00   57.27    3.93  -63.80  125.76   17.58
   16         26Q  26Q N   CA    178  179   84.14  140.70                  -40.30
   17   7362  27I  28G C   N     193  195  -63.31 -167.20  112.38    1.65   78.70  155.02    8.68
   17         28G  28G N   CA    195  196  131.75  174.60                 -166.10
   18   7386  51S  52A C   N     362  364 -179.59 -134.00   50.83    1.16  -68.20  113.98    8.80
   18         52A  52A N   CA    364  365  169.47  147.00                  145.30
   19   7400  65N  66A C   N     462  464 -103.29 -134.00   79.87    3.59  -62.50  121.23   18.36
   19         66A  66A N   CA    464  465   73.26  147.00                  -40.90
   20   7402  67G  68A C   N     471  473  164.33 -134.00   75.15    1.86  -62.50 -174.49   37.13
   20         68A  68A N   CA    473  474 -170.05  147.00                  -40.90
   21   7468 133S 134T C   N     974  976 -127.98 -124.80   43.58    1.78  -63.20  146.09   22.95
   21        134T 134T N   CA    976  977 -173.04  143.50                  -42.10
   22   7469 134T 135S C   N     981  983 -151.08 -136.60   45.18    1.94  -64.10  157.25   17.67
   22        135S 135S N   CA    983  984 -166.01  151.20                  -35.00
   23   7470 135S 136P C   N     987  989  -62.85  -58.70    8.30    0.49  -64.50  170.52   12.64
   23        136P 136P N   CA    989  990  -23.31  -30.50                  147.20
   24   7471 136P 137L C   N     994  996 -101.19 -108.50   15.85    0.90  -63.50  176.31   26.78
   24        137L 137L N   CA    996  997  146.56  132.50                  -41.20
   25   7472 137L 138Y C   N    1002 1004  -53.05  -98.40   47.67    2.20  -63.50  173.79   27.05
   25        138Y 138Y N   CA   1004 1005  143.12  128.40                  -43.40
   26   7473 138Y 139N C   N    1014 1016   45.57   55.90   48.58    2.70  -63.20  168.02   26.80
   26        139N 139N N   CA   1016 1017   86.97   39.50                  -41.10
   27   7486 151W 152S C   N    1111 1113   63.67  -64.10  156.29   14.57  -64.10  156.29   14.57
   27        152S 152S N   CA   1113 1114 -125.00  -35.00                  -35.00
   28   7521 186L 187T C   N    1356 1358 -124.64  -63.20   83.43    9.30  -63.20   83.43    9.30
   28        187T 187T N   CA   1358 1359   14.34  -42.10                  -42.10
   29   7550 215S 216R C   N    1572 1574  -82.61 -125.20   55.08    1.63  -63.00  148.08   18.76
   29        216R 216R N   CA   1574 1575  105.67  140.60                  -41.10
   30   7551 216R 217N C   N    1583 1585 -168.38 -119.90   81.29    2.50  -63.20  157.07   25.18
   30        217N 217N N   CA   1585 1586 -157.75  137.00                  -41.10
   31   7560 225T 226A C   N    1663 1665   54.26   55.40   12.95    0.69  -62.50  148.65   30.05
   31        226A 226A N   CA   1665 1666   51.10   38.20                  -40.90
   32   7564 229H 230F C   N    1690 1692  -98.11  -63.20   71.60    8.15  -63.20   71.60    8.15
   32        230F 230F N   CA   1692 1693   18.21  -44.30                  -44.30
   33   7597 262C 263S C   N    1951 1953   58.79  -72.40  138.64   10.90  -72.40  138.64   10.90
   33        263S 263S N   CA   1953 1954 -162.76  152.40                  152.40
   34   7612 277R 278C C   N    2069 2071 -132.81  -63.00   81.18   10.60  -63.00   81.18   10.60
   34        278C 278C N   CA   2071 2072    0.34  -41.10                  -41.10


report______> Distribution of short non-bonded contacts:


DISTANCE1:  0.00 2.10 2.20 2.30 2.40 2.50 2.60 2.70 2.80 2.90 3.00 3.10 3.20 3.30 3.40
DISTANCE2:  2.10 2.20 2.30 2.40 2.50 2.60 2.70 2.80 2.90 3.00 3.10 3.20 3.30 3.40 3.50
FREQUENCY:     0    0    0    0    0   13   26  101  167  222  215  255  295  346  353


<< end of ENERGY.
iupac_m_397W> Atoms were not swapped because of the uncertainty of how to handle the H atom.
iupac_m_397W> Atoms were not swapped because of the uncertainty of how to handle the H atom.
>> Model assessment by DOPE potential
iatmcls_286W> MODEL atom not classified:  SER:OXT  SER


>> ENERGY; Differences between the model's features and restraints:
Number of all residues in MODEL                   :      279
Number of all, selected real atoms                :     2083    2083
Number of all, selected pseudo atoms              :        0       0
Number of all static, selected restraints         :    24305   24305
COVALENT_CYS                                      :        F
NONBONDED_SEL_ATOMS                               :        1
Number of non-bonded pairs (excluding 1-2,1-3,1-4):   435558
Dynamic pairs routine                             : 1, NATM x NATM double loop
Atomic shift for contacts update (UPDATE_DYNAMIC) :    0.390
LENNARD_JONES_SWITCH                              :    6.500   7.500
COULOMB_JONES_SWITCH                              :    6.500   7.500
RESIDUE_SPAN_RANGE                                :        1    9999
NLOGN_USE                                         :       15
CONTACT_SHELL                                     :   15.000
DYNAMIC_PAIRS,_SPHERE,_COULOMB,_LENNARD,_MODELLER :        T       F       F       F       T
SPHERE_STDV                                       :    0.050
RADII_FACTOR                                      :    0.820
Current energy                                    :      -27515.2559




<< end of ENERGY.
DOPE score               : -27515.255859
>> Model assessment by GA341 potential

Surface library          : /Library/modeller-9.25/modlib/surf5.de
Pair library             : /Library/modeller-9.25/modlib/pair9.de
Chain identifier         : _
% sequence identity      :    48.462002
Sequence length          :          279
Compactness              :     0.221214
Native energy (pair)     :   -89.282768
Native energy (surface)  :     2.354298
Native energy (combined) :    -1.817908
Z score (pair)           :    -6.576894
Z score (surface)        :    -2.826840
Z score (combined)       :    -6.268782
GA341 score              :     1.000000



>> ENERGY; Differences between the model's features and restraints:
Number of all residues in MODEL                   :      279
Number of all, selected real atoms                :     2083    2083
Number of all, selected pseudo atoms              :        0       0
Number of all static, selected restraints         :    24305   24305
COVALENT_CYS                                      :        F
NONBONDED_SEL_ATOMS                               :        1
Number of non-bonded pairs (excluding 1-2,1-3,1-4):     4577
Dynamic pairs routine                             : 2, NATM x NATM cell sorting
Atomic shift for contacts update (UPDATE_DYNAMIC) :    0.390
LENNARD_JONES_SWITCH                              :    6.500   7.500
COULOMB_JONES_SWITCH                              :    6.500   7.500
RESIDUE_SPAN_RANGE                                :        0   99999
NLOGN_USE                                         :       15
CONTACT_SHELL                                     :    4.000
DYNAMIC_PAIRS,_SPHERE,_COULOMB,_LENNARD,_MODELLER :        T       T       F       F       F
SPHERE_STDV                                       :    0.050
RADII_FACTOR                                      :    0.820
Current energy                                    :        1633.6844





Summary of the restraint violations: 

   NUM     ... number of restraints.
   NUMVI   ... number of restraints with RVIOL > VIOL_REPORT_CUT[i].
   RVIOL   ... relative difference from the best value.
   NUMVP   ... number of restraints with -Ln(pdf) > VIOL_REPORT_CUT2[i].
   RMS_1   ... RMS(feature, minimally_violated_basis_restraint, NUMB).
   RMS_2   ... RMS(feature, best_value, NUMB).
   MOL.PDF ... scaled contribution to -Ln(Molecular pdf).

 #                     RESTRAINT_GROUP      NUM   NUMVI  NUMVP   RMS_1   RMS_2         MOL.PDF     S_i
------------------------------------------------------------------------------------------------------
 1 Bond length potential              :    2134       0      0   0.006   0.006      25.384       1.000
 2 Bond angle potential               :    2910       0      9   2.193   2.193      272.76       1.000
 3 Stereochemical cosine torsion poten:    1404       0     45  49.079  49.079      528.57       1.000
 4 Stereochemical improper torsion pot:     887       0      0   1.293   1.293      33.123       1.000
 5 Soft-sphere overlap restraints     :    4577       0      0   0.003   0.003      3.5052       1.000
 6 Lennard-Jones 6-12 potential       :       0       0      0   0.000   0.000      0.0000       1.000
 7 Coulomb point-point electrostatic p:       0       0      0   0.000   0.000      0.0000       1.000
 8 H-bonding potential                :       0       0      0   0.000   0.000      0.0000       1.000
 9 Distance restraints 1 (CA-CA)      :    6012       0      7   0.250   0.250      141.40       1.000
10 Distance restraints 2 (N-O)        :    6065       0      3   0.287   0.287      184.40       1.000
11 Mainchain Phi dihedral restraints  :       0       0      0   0.000   0.000      0.0000       1.000
12 Mainchain Psi dihedral restraints  :       0       0      0   0.000   0.000      0.0000       1.000
13 Mainchain Omega dihedral restraints:     278       1      2  11.561  11.561      58.074       1.000
14 Sidechain Chi_1 dihedral restraints:     222       0      2  73.413  73.413      46.186       1.000
15 Sidechain Chi_2 dihedral restraints:     144       0      0  66.351  66.351      43.862       1.000
16 Sidechain Chi_3 dihedral restraints:      60       0      0  76.758  76.758      33.343       1.000
17 Sidechain Chi_4 dihedral restraints:      23       0      0 100.130 100.130      16.486       1.000
18 Disulfide distance restraints      :       0       0      0   0.000   0.000      0.0000       1.000
19 Disulfide angle restraints         :       0       0      0   0.000   0.000      0.0000       1.000
20 Disulfide dihedral angle restraints:       0       0      0   0.000   0.000      0.0000       1.000
21 Lower bound distance restraints    :       0       0      0   0.000   0.000      0.0000       1.000
22 Upper bound distance restraints    :       0       0      0   0.000   0.000      0.0000       1.000
23 Distance restraints 3 (SDCH-MNCH)  :    2679       0      0   0.341   0.341      44.346       1.000
24 Sidechain Chi_5 dihedral restraints:       0       0      0   0.000   0.000      0.0000       1.000
25 Phi/Psi pair of dihedral restraints:     277      32     33  30.560  58.313      131.47       1.000
26 Distance restraints 4 (SDCH-SDCH)  :    1210       0      0   0.644   0.644      70.776       1.000
27 Distance restraints 5 (X-Y)        :       0       0      0   0.000   0.000      0.0000       1.000
28 NMR distance restraints 6 (X-Y)    :       0       0      0   0.000   0.000      0.0000       1.000
29 NMR distance restraints 7 (X-Y)    :       0       0      0   0.000   0.000      0.0000       1.000
30 Minimal distance restraints        :       0       0      0   0.000   0.000      0.0000       1.000
31 Non-bonded restraints              :       0       0      0   0.000   0.000      0.0000       1.000
32 Atomic accessibility restraints    :       0       0      0   0.000   0.000      0.0000       1.000
33 Atomic density restraints          :       0       0      0   0.000   0.000      0.0000       1.000
34 Absolute position restraints       :       0       0      0   0.000   0.000      0.0000       1.000
35 Dihedral angle difference restraint:       0       0      0   0.000   0.000      0.0000       1.000
36 GBSA implicit solvent potential    :       0       0      0   0.000   0.000      0.0000       1.000
37 EM density fitting potential       :       0       0      0   0.000   0.000      0.0000       1.000
38 SAXS restraints                    :       0       0      0   0.000   0.000      0.0000       1.000
39 Symmetry restraints                :       0       0      0   0.000   0.000      0.0000       1.000



# Heavy relative violation of each residue is written to: BURK.V99990003
# The profile is NOT normalized by the number of restraints.
# The profiles are smoothed over a window of residues:    1
# The sum of all numbers in the file:   29181.2598



List of the violated restraints:
   A restraint is violated when the relative difference
   from the best value (RVIOL) is larger than CUTOFF.

   ICSR   ... index of a restraint in the current set.
   RESNO  ... residue numbers of the first two atoms.
   ATM    ... IUPAC atom names of the first two atoms.
   FEAT   ... the value of the feature in the model.
   restr  ... the mean of the basis restraint with the smallest
              difference from the model (local minimum).
   viol   ... difference from the local minimum.
   rviol  ... relative difference from the local minimum.
   RESTR  ... the best value (global minimum).
   VIOL   ... difference from the best value.
   RVIOL  ... relative difference from the best value.


-------------------------------------------------------------------------------------------------

Feature 13                           : Mainchain Omega dihedral restraints     
List of the RVIOL violations larger than   :       4.5000

    #   ICSR  RESNO1/2 ATM1/2   INDATM1/2    FEAT   restr    viol   rviol   RESTR    VIOL   RVIOL
    1   7874 262C 262C CA  C    1948 1951    0.50 -179.18  179.68   41.76 -179.18  179.68   41.76

-------------------------------------------------------------------------------------------------

Feature 25                           : Phi/Psi pair of dihedral restraints     
List of the RVIOL violations larger than   :       6.5000

    #   ICSR  RESNO1/2 ATM1/2   INDATM1/2    FEAT   restr    viol   rviol   RESTR    VIOL   RVIOL
    1   7340   5R   6L C   N      43   45  -62.03  -70.70   34.13    2.92  -63.50  144.19   19.94
    1          6L   6L N   CA     45   46  174.61  141.60                  -41.20
    2   7341   6L   7F C   N      51   53 -133.68 -124.20   53.04    2.25  -63.20  139.35   23.79
    2          7F   7F N   CA     53   54 -164.51  143.30                  -44.30
    3   7342   7F   8Q C   N      62   64  -53.58  -73.00   19.55    1.44  -63.80  177.08   25.51
    3          8Q   8Q N   CA     64   65  142.92  140.70                  -40.30
    4   7344   9V  10A C   N      78   80 -163.66 -134.00   30.19    0.80  -62.50 -165.20   37.31
    4         10A  10A N   CA     80   81  152.63  147.00                  -40.90
    5   7346  11C  12L C   N      89   91 -104.13 -108.50   10.51    0.51  -63.50  169.10   21.51
    5         12L  12L N   CA     91   92  122.94  132.50                  -41.20
    6   7347  12L  13A C   N      97   99  -66.19  -68.20   18.14    1.39  -62.50  168.21   27.39
    6         13A  13A N   CA     99  100  127.28  145.30                  -40.90
    7   7348  13A  14A C   N     102  104 -162.81 -134.00   39.60    2.29  -62.50 -170.53   28.42
    7         14A  14A N   CA    104  105  119.83  147.00                  -40.90
    8   7349  14A  15T C   N     107  109 -131.56 -124.80   19.67    1.04  -63.20 -179.44   19.54
    8         15T  15T N   CA    109  110  125.02  143.50                  -42.10
    9   7350  15T  16L C   N     114  116 -114.41 -108.50   26.67    1.37  -63.50  168.18   26.49
    9         16L  16L N   CA    116  117  158.51  132.50                  -41.20
   10   7352  17V  18T C   N     129  131 -142.41 -124.80   33.20    1.03  -63.20  166.33   26.44
   10         18T  18T N   CA    131  132  171.64  143.50                  -42.10
   11   7353  18T  19A C   N     136  138  -75.56  -68.20    9.77    0.62  -62.50  167.88   28.17
   11         19A  19A N   CA    138  139  151.73  145.30                  -40.90
   12   7354  19A  20T C   N     141  143 -122.17 -124.80   46.46    1.92  -63.20  151.19   16.31
   12         20T  20T N   CA    143  144   97.11  143.50                  -42.10
   13   7355  20T  21A C   N     148  150  179.62 -134.00   56.24    3.05  -62.50 -164.40   29.55
   13         21A  21A N   CA    150  151  115.19  147.00                  -40.90
   14   7356  21A  22A C   N     153  155  151.30 -134.00   84.47    1.94  -62.50 -162.58   39.66
   14         22A  22A N   CA    155  156 -173.57  147.00                  -40.90
   15   7357  22A  23S C   N     158  160  -72.75  -72.40   57.88    3.42  -64.10  129.82    8.93
   15         23S  23S N   CA    160  161   94.53  152.40                  -35.00
   16   7358  23S  24A C   N     164  166 -118.47 -134.00   49.28    2.35  -62.50  151.82   22.90
   16         24A  24A N   CA    166  167  100.23  147.00                  -40.90
   17   7360  25V  26Q C   N     176  178  -77.89  -73.00   78.28    5.02  -63.80  101.85   15.73
   17         26Q  26Q N   CA    178  179 -141.18  140.70                  -40.30
   18   7361  26Q  27I C   N     185  187   80.51 -120.60  159.97   10.48 -120.60  159.97   10.48
   18         27I  27I N   CA    187  188  148.84  130.30                  130.30
   19   7362  27I  28G C   N     193  195  -37.20   78.70  130.70    7.33   78.70  130.70    7.33
   19         28G  28G N   CA    195  196  133.48 -166.10                 -166.10
   20   7386  51S  52A C   N     362  364 -179.11 -134.00   50.12    1.14  -68.20  113.38    8.78
   20         52A  52A N   CA    364  365  168.83  147.00                  145.30
   21   7400  65N  66A C   N     462  464  -81.05  -68.20   41.76    2.92  -62.50  135.34   23.14
   21         66A  66A N   CA    464  465 -174.96  145.30                  -40.90
   22   7401  66A  67G C   N     467  469  131.06   82.20   59.86    2.30  -62.40  167.22   29.22
   22         67G  67G N   CA    469  470  -26.07    8.50                  -41.20
   23   7402  67G  68A C   N     471  473  158.13 -134.00   73.82    1.68  -62.50 -160.26   39.83
   23         68A  68A N   CA    473  474  176.02  147.00                  -40.90
   24   7468 133S 134T C   N     974  976 -122.77 -124.80   35.96    1.60  -63.20  150.77   23.25
   24        134T 134T N   CA    976  977  179.40  143.50                  -42.10
   25   7469 134T 135S C   N     981  983 -166.66 -136.60   44.60    1.47  -64.10  174.24   20.03
   25        135S 135S N   CA    983  984 -175.86  151.20                  -35.00
   26   7471 136P 137L C   N     994  996  141.63 -108.50  118.41    5.26  -63.50 -149.80   38.11
   26        137L 137L N   CA    996  997  176.68  132.50                  -41.20
   27   7473 138Y 139N C   N    1014 1016 -141.49 -119.90   23.34    0.75  -63.20 -170.07   28.17
   27        139N 139N N   CA   1016 1017  145.86  137.00                  -41.10
   28   7486 151W 152S C   N    1111 1113   64.11  -64.10  156.76   14.62  -64.10  156.76   14.62
   28        152S 152S N   CA   1113 1114 -125.19  -35.00                  -35.00
   29   7521 186L 187T C   N    1356 1358 -123.99  -63.20   83.22    9.24  -63.20   83.22    9.24
   29        187T 187T N   CA   1358 1359   14.72  -42.10                  -42.10
   30   7551 216R 217N C   N    1583 1585  -51.36 -119.90   88.37    4.74  -63.20  126.68   15.22
   30        217N 217N N   CA   1585 1586 -167.23  137.00                  -41.10
   31   7560 225T 226A C   N    1663 1665   56.83   55.40   10.24    0.74  -62.50  149.00   30.17
   31        226A 226A N   CA   1665 1666   48.34   38.20                  -40.90
   32   7611 276E 277R C   N    2058 2060 -126.37 -125.20   53.82    2.62  -72.10   77.34    6.72
   32        277R 277R N   CA   2060 2061   86.79  140.60                  141.90


report______> Distribution of short non-bonded contacts:


DISTANCE1:  0.00 2.10 2.20 2.30 2.40 2.50 2.60 2.70 2.80 2.90 3.00 3.10 3.20 3.30 3.40
DISTANCE2:  2.10 2.20 2.30 2.40 2.50 2.60 2.70 2.80 2.90 3.00 3.10 3.20 3.30 3.40 3.50
FREQUENCY:     0    0    0    0    0   10   34  101  151  209  190  240  266  345  396


<< end of ENERGY.
iupac_m_397W> Atoms were not swapped because of the uncertainty of how to handle the H atom.
iupac_m_397W> Atoms were not swapped because of the uncertainty of how to handle the H atom.
iupac_m_397W> Atoms were not swapped because of the uncertainty of how to handle the H atom.
>> Model assessment by DOPE potential
iatmcls_286W> MODEL atom not classified:  SER:OXT  SER


>> ENERGY; Differences between the model's features and restraints:
Number of all residues in MODEL                   :      279
Number of all, selected real atoms                :     2083    2083
Number of all, selected pseudo atoms              :        0       0
Number of all static, selected restraints         :    24305   24305
COVALENT_CYS                                      :        F
NONBONDED_SEL_ATOMS                               :        1
Number of non-bonded pairs (excluding 1-2,1-3,1-4):   432754
Dynamic pairs routine                             : 1, NATM x NATM double loop
Atomic shift for contacts update (UPDATE_DYNAMIC) :    0.390
LENNARD_JONES_SWITCH                              :    6.500   7.500
COULOMB_JONES_SWITCH                              :    6.500   7.500
RESIDUE_SPAN_RANGE                                :        1    9999
NLOGN_USE                                         :       15
CONTACT_SHELL                                     :   15.000
DYNAMIC_PAIRS,_SPHERE,_COULOMB,_LENNARD,_MODELLER :        T       F       F       F       T
SPHERE_STDV                                       :    0.050
RADII_FACTOR                                      :    0.820
Current energy                                    :      -27780.7910




<< end of ENERGY.
DOPE score               : -27780.791016
>> Model assessment by GA341 potential

Surface library          : /Library/modeller-9.25/modlib/surf5.de
Pair library             : /Library/modeller-9.25/modlib/pair9.de
Chain identifier         : _
% sequence identity      :    48.462002
Sequence length          :          279
Compactness              :     0.194752
Native energy (pair)     :  -119.164671
Native energy (surface)  :     5.297137
Native energy (combined) :    -2.094724
Z score (pair)           :    -7.112401
Z score (surface)        :    -2.167812
Z score (combined)       :    -6.199644
GA341 score              :     1.000000



>> ENERGY; Differences between the model's features and restraints:
Number of all residues in MODEL                   :      279
Number of all, selected real atoms                :     2083    2083
Number of all, selected pseudo atoms              :        0       0
Number of all static, selected restraints         :    24305   24305
COVALENT_CYS                                      :        F
NONBONDED_SEL_ATOMS                               :        1
Number of non-bonded pairs (excluding 1-2,1-3,1-4):     4575
Dynamic pairs routine                             : 2, NATM x NATM cell sorting
Atomic shift for contacts update (UPDATE_DYNAMIC) :    0.390
LENNARD_JONES_SWITCH                              :    6.500   7.500
COULOMB_JONES_SWITCH                              :    6.500   7.500
RESIDUE_SPAN_RANGE                                :        0   99999
NLOGN_USE                                         :       15
CONTACT_SHELL                                     :    4.000
DYNAMIC_PAIRS,_SPHERE,_COULOMB,_LENNARD,_MODELLER :        T       T       F       F       F
SPHERE_STDV                                       :    0.050
RADII_FACTOR                                      :    0.820
Current energy                                    :        1620.5233





Summary of the restraint violations: 

   NUM     ... number of restraints.
   NUMVI   ... number of restraints with RVIOL > VIOL_REPORT_CUT[i].
   RVIOL   ... relative difference from the best value.
   NUMVP   ... number of restraints with -Ln(pdf) > VIOL_REPORT_CUT2[i].
   RMS_1   ... RMS(feature, minimally_violated_basis_restraint, NUMB).
   RMS_2   ... RMS(feature, best_value, NUMB).
   MOL.PDF ... scaled contribution to -Ln(Molecular pdf).

 #                     RESTRAINT_GROUP      NUM   NUMVI  NUMVP   RMS_1   RMS_2         MOL.PDF     S_i
------------------------------------------------------------------------------------------------------
 1 Bond length potential              :    2134       0      0   0.007   0.007      26.278       1.000
 2 Bond angle potential               :    2910       0      8   2.131   2.131      261.55       1.000
 3 Stereochemical cosine torsion poten:    1404       0     42  48.544  48.544      518.78       1.000
 4 Stereochemical improper torsion pot:     887       0      0   1.329   1.329      34.793       1.000
 5 Soft-sphere overlap restraints     :    4575       0      0   0.002   0.002      2.6156       1.000
 6 Lennard-Jones 6-12 potential       :       0       0      0   0.000   0.000      0.0000       1.000
 7 Coulomb point-point electrostatic p:       0       0      0   0.000   0.000      0.0000       1.000
 8 H-bonding potential                :       0       0      0   0.000   0.000      0.0000       1.000
 9 Distance restraints 1 (CA-CA)      :    6012       0      4   0.243   0.243      133.64       1.000
10 Distance restraints 2 (N-O)        :    6065       1      6   0.322   0.322      203.79       1.000
11 Mainchain Phi dihedral restraints  :       0       0      0   0.000   0.000      0.0000       1.000
12 Mainchain Psi dihedral restraints  :       0       0      0   0.000   0.000      0.0000       1.000
13 Mainchain Omega dihedral restraints:     278       1      3  11.582  11.582      58.922       1.000
14 Sidechain Chi_1 dihedral restraints:     222       0      2  74.569  74.569      47.125       1.000
15 Sidechain Chi_2 dihedral restraints:     144       0      2  70.032  70.032      46.814       1.000
16 Sidechain Chi_3 dihedral restraints:      60       0      1  60.953  60.953      34.130       1.000
17 Sidechain Chi_4 dihedral restraints:      23       0      0 101.703 101.703      17.158       1.000
18 Disulfide distance restraints      :       0       0      0   0.000   0.000      0.0000       1.000
19 Disulfide angle restraints         :       0       0      0   0.000   0.000      0.0000       1.000
20 Disulfide dihedral angle restraints:       0       0      0   0.000   0.000      0.0000       1.000
21 Lower bound distance restraints    :       0       0      0   0.000   0.000      0.0000       1.000
22 Upper bound distance restraints    :       0       0      0   0.000   0.000      0.0000       1.000
23 Distance restraints 3 (SDCH-MNCH)  :    2679       0      0   0.310   0.310      37.626       1.000
24 Sidechain Chi_5 dihedral restraints:       0       0      0   0.000   0.000      0.0000       1.000
25 Phi/Psi pair of dihedral restraints:     277      32     33  29.645  59.534      130.70       1.000
26 Distance restraints 4 (SDCH-SDCH)  :    1210       0      2   0.614   0.614      66.606       1.000
27 Distance restraints 5 (X-Y)        :       0       0      0   0.000   0.000      0.0000       1.000
28 NMR distance restraints 6 (X-Y)    :       0       0      0   0.000   0.000      0.0000       1.000
29 NMR distance restraints 7 (X-Y)    :       0       0      0   0.000   0.000      0.0000       1.000
30 Minimal distance restraints        :       0       0      0   0.000   0.000      0.0000       1.000
31 Non-bonded restraints              :       0       0      0   0.000   0.000      0.0000       1.000
32 Atomic accessibility restraints    :       0       0      0   0.000   0.000      0.0000       1.000
33 Atomic density restraints          :       0       0      0   0.000   0.000      0.0000       1.000
34 Absolute position restraints       :       0       0      0   0.000   0.000      0.0000       1.000
35 Dihedral angle difference restraint:       0       0      0   0.000   0.000      0.0000       1.000
36 GBSA implicit solvent potential    :       0       0      0   0.000   0.000      0.0000       1.000
37 EM density fitting potential       :       0       0      0   0.000   0.000      0.0000       1.000
38 SAXS restraints                    :       0       0      0   0.000   0.000      0.0000       1.000
39 Symmetry restraints                :       0       0      0   0.000   0.000      0.0000       1.000



# Heavy relative violation of each residue is written to: BURK.V99990004
# The profile is NOT normalized by the number of restraints.
# The profiles are smoothed over a window of residues:    1
# The sum of all numbers in the file:   29337.1035



List of the violated restraints:
   A restraint is violated when the relative difference
   from the best value (RVIOL) is larger than CUTOFF.

   ICSR   ... index of a restraint in the current set.
   RESNO  ... residue numbers of the first two atoms.
   ATM    ... IUPAC atom names of the first two atoms.
   FEAT   ... the value of the feature in the model.
   restr  ... the mean of the basis restraint with the smallest
              difference from the model (local minimum).
   viol   ... difference from the local minimum.
   rviol  ... relative difference from the local minimum.
   RESTR  ... the best value (global minimum).
   VIOL   ... difference from the best value.
   RVIOL  ... relative difference from the best value.


-------------------------------------------------------------------------------------------------

Feature 10                           : Distance restraints 2 (N-O)             
List of the RVIOL violations larger than   :       4.5000

    #   ICSR  RESNO1/2 ATM1/2   INDATM1/2    FEAT   restr    viol   rviol   RESTR    VIOL   RVIOL
    1  14445  28G 252D N   O     195 1875   12.90   10.39    2.52    5.48   10.39    2.52    5.48

-------------------------------------------------------------------------------------------------

Feature 13                           : Mainchain Omega dihedral restraints     
List of the RVIOL violations larger than   :       4.5000

    #   ICSR  RESNO1/2 ATM1/2   INDATM1/2    FEAT   restr    viol   rviol   RESTR    VIOL   RVIOL
    1   7874 262C 262C CA  C    1948 1951    0.68 -179.18  179.86   41.80 -179.18  179.86   41.80

-------------------------------------------------------------------------------------------------

Feature 25                           : Phi/Psi pair of dihedral restraints     
List of the RVIOL violations larger than   :       6.5000

    #   ICSR  RESNO1/2 ATM1/2   INDATM1/2    FEAT   restr    viol   rviol   RESTR    VIOL   RVIOL
    1   7340   5R   6L C   N      43   45 -161.68 -108.50   55.89    2.88  -63.50 -175.25   22.69
    1          6L   6L N   CA     45   46  115.30  132.50                  -41.20
    2   7341   6L   7F C   N      51   53 -158.25 -124.20   45.42    1.19  -63.20  171.16   29.63
    2          7F   7F N   CA     53   54  173.36  143.30                  -44.30
    3   7342   7F   8Q C   N      62   64  -99.61 -121.10   37.29    1.32  -63.80  153.75   20.90
    3          8Q   8Q N   CA     64   65  109.22  139.70                  -40.30
    4   7344   9V  10A C   N      78   80  -85.97  -68.20   18.85    1.78  -62.50 -178.59   28.67
    4         10A  10A N   CA     80   81  138.99  145.30                  -40.90
    5   7346  11C  12L C   N      89   91  -72.42  -70.70    2.63    0.26  -63.50  179.40   25.43
    5         12L  12L N   CA     91   92  139.62  141.60                  -41.20
    6   7347  12L  13A C   N      97   99 -149.49 -134.00   31.31    1.26  -62.50  169.00   32.33
    6         13A  13A N   CA     99  100  174.21  147.00                  -40.90
    7   7348  13A  14A C   N     102  104 -132.09 -134.00   16.13    0.95  -62.50  170.90   31.74
    7         14A  14A N   CA    104  105  163.01  147.00                  -40.90
    8   7349  14A  15T C   N     107  109  -85.46  -63.20   92.73   10.57  -63.20   92.73   10.57
    8         15T  15T N   CA    109  110   47.92  -42.10                  -42.10
    9   7352  17V  18T C   N     129  131  -98.93  -78.10   69.20    2.38  -63.20  108.18   16.24
    9         18T  18T N   CA    131  132 -144.21  149.80                  -42.10
   10   7353  18T  19A C   N     136  138 -126.70 -134.00   15.52    0.96  -62.50  170.92   31.45
   10         19A  19A N   CA    138  139  160.69  147.00                  -40.90
   11   7354  19A  20T C   N     141  143 -146.66 -124.80   68.24    2.33  -63.20  137.89   22.84
   11         20T  20T N   CA    143  144 -151.86  143.50                  -42.10
   12   7355  20T  21A C   N     148  150  -83.13  -68.20   27.03    1.72  -62.50  152.67   26.08
   12         21A  21A N   CA    150  151  167.84  145.30                  -40.90
   13   7356  21A  22A C   N     153  155  -69.30  -68.20    4.40    0.39  -62.50  178.19   29.54
   13         22A  22A N   CA    155  156  141.04  145.30                  -40.90
   14   7357  22A  23S C   N     158  160 -143.46 -136.60    6.93    0.30  -64.10 -168.06   19.57
   14         23S  23S N   CA    160  161  150.23  151.20                  -35.00
   15   7358  23S  24A C   N     164  166 -150.34 -134.00   18.01    0.41  -62.50 -173.48   35.26
   15         24A  24A N   CA    166  167  154.57  147.00                  -40.90
   16   7360  25V  26Q C   N     176  178 -120.16 -121.10    9.21    0.45  -63.80  179.89   29.45
   16         26Q  26Q N   CA    178  179  148.86  139.70                  -40.30
   17   7385  50L  51S C   N     356  358  -70.09  -64.10   35.77    2.99  -72.40  137.35    8.16
   17         51S  51S N   CA    358  359  -70.27  -35.00                  152.40
   18   7386  51S  52A C   N     362  364   95.19 -134.00  130.85    4.21  -68.20  163.46   14.02
   18         52A  52A N   CA    364  365  150.17  147.00                  145.30
   19   7400  65N  66A C   N     462  464  -67.84  -68.20   34.97    2.83  -62.50  138.94   23.03
   19         66A  66A N   CA    464  465 -179.73  145.30                  -40.90
   20   7401  66A  67G C   N     467  469  119.62   78.70   52.54    1.41  -62.40 -122.10   44.41
   20         67G  67G N   CA    469  470  160.94 -166.10                  -41.20
   21   7402  67G  68A C   N     471  473  -57.18  -68.20   21.48    2.06  -62.50  155.45   25.22
   21         68A  68A N   CA    473  474  163.75  145.30                  -40.90
   22   7468 133S 134T C   N     974  976 -110.24 -124.80   38.26    2.05  -63.20  146.77   21.94
   22        134T 134T N   CA    976  977  178.88  143.50                  -42.10
   23   7469 134T 135S C   N     981  983 -143.47 -136.60   25.71    1.14  -64.10  168.84   17.94
   23        135S 135S N   CA    983  984  175.97  151.20                  -35.00
   24   7470 135S 136P C   N     987  989  -65.45  -58.70   13.25    0.78  -64.50  166.30   12.46
   24        136P 136P N   CA    989  990  -19.10  -30.50                  147.20
   25   7471 136P 137L C   N     994  996  -94.11  -70.70   58.66    3.71  -63.50  127.15   19.53
   25        137L 137L N   CA    996  997 -164.61  141.60                  -41.20
   26   7473 138Y 139N C   N    1014 1016 -141.58 -119.90   21.77    0.85  -63.20 -163.73   28.98
   26        139N 139N N   CA   1016 1017  138.96  137.00                  -41.10
   27   7486 151W 152S C   N    1111 1113   57.34  -64.10  148.79   13.85  -64.10  148.79   13.85
   27        152S 152S N   CA   1113 1114 -120.98  -35.00                  -35.00
   28   7521 186L 187T C   N    1356 1358 -124.43  -63.20   82.13    9.20  -63.20   82.13    9.20
   28        187T 187T N   CA   1358 1359   12.64  -42.10                  -42.10
   29   7550 215S 216R C   N    1572 1574  -80.59 -125.20   59.47    1.78  -63.00  143.45   18.25
   29        216R 216R N   CA   1574 1575  101.27  140.60                  -41.10
   30   7551 216R 217N C   N    1583 1585 -169.82 -119.90   81.48    2.48  -63.20  158.67   25.45
   30        217N 217N N   CA   1585 1586 -158.61  137.00                  -41.10
   31   7560 225T 226A C   N    1663 1665   58.02   55.40   10.13    0.83  -62.50  149.75   30.34
   31        226A 226A N   CA   1665 1666   47.98   38.20                  -40.90
   32   7612 277R 278C C   N    2069 2071 -144.59 -117.90  108.54    4.62  -63.00  112.19   12.95
   32        278C 278C N   CA   2071 2072   35.90  141.10                  -41.10


report______> Distribution of short non-bonded contacts:


DISTANCE1:  0.00 2.10 2.20 2.30 2.40 2.50 2.60 2.70 2.80 2.90 3.00 3.10 3.20 3.30 3.40
DISTANCE2:  2.10 2.20 2.30 2.40 2.50 2.60 2.70 2.80 2.90 3.00 3.10 3.20 3.30 3.40 3.50
FREQUENCY:     0    0    0    0    0   11   21   90  139  185  227  233  297  320  372


<< end of ENERGY.
iupac_m_397W> Atoms were not swapped because of the uncertainty of how to handle the H atom.
>> Model assessment by DOPE potential
iatmcls_286W> MODEL atom not classified:  SER:OXT  SER


>> ENERGY; Differences between the model's features and restraints:
Number of all residues in MODEL                   :      279
Number of all, selected real atoms                :     2083    2083
Number of all, selected pseudo atoms              :        0       0
Number of all static, selected restraints         :    24305   24305
COVALENT_CYS                                      :        F
NONBONDED_SEL_ATOMS                               :        1
Number of non-bonded pairs (excluding 1-2,1-3,1-4):   439024
Dynamic pairs routine                             : 1, NATM x NATM double loop
Atomic shift for contacts update (UPDATE_DYNAMIC) :    0.390
LENNARD_JONES_SWITCH                              :    6.500   7.500
COULOMB_JONES_SWITCH                              :    6.500   7.500
RESIDUE_SPAN_RANGE                                :        1    9999
NLOGN_USE                                         :       15
CONTACT_SHELL                                     :   15.000
DYNAMIC_PAIRS,_SPHERE,_COULOMB,_LENNARD,_MODELLER :        T       F       F       F       T
SPHERE_STDV                                       :    0.050
RADII_FACTOR                                      :    0.820
Current energy                                    :      -27806.0508




<< end of ENERGY.
DOPE score               : -27806.050781
>> Model assessment by GA341 potential

Surface library          : /Library/modeller-9.25/modlib/surf5.de
Pair library             : /Library/modeller-9.25/modlib/pair9.de
Chain identifier         : _
% sequence identity      :    48.462002
Sequence length          :          279
Compactness              :     0.234422
Native energy (pair)     :   -91.215741
Native energy (surface)  :     7.110478
Native energy (combined) :    -0.941927
Z score (pair)           :    -6.748653
Z score (surface)        :    -2.096946
Z score (combined)       :    -5.811036
GA341 score              :     1.000000



>> ENERGY; Differences between the model's features and restraints:
Number of all residues in MODEL                   :      279
Number of all, selected real atoms                :     2083    2083
Number of all, selected pseudo atoms              :        0       0
Number of all static, selected restraints         :    24305   24305
COVALENT_CYS                                      :        F
NONBONDED_SEL_ATOMS                               :        1
Number of non-bonded pairs (excluding 1-2,1-3,1-4):     4585
Dynamic pairs routine                             : 2, NATM x NATM cell sorting
Atomic shift for contacts update (UPDATE_DYNAMIC) :    0.390
LENNARD_JONES_SWITCH                              :    6.500   7.500
COULOMB_JONES_SWITCH                              :    6.500   7.500
RESIDUE_SPAN_RANGE                                :        0   99999
NLOGN_USE                                         :       15
CONTACT_SHELL                                     :    4.000
DYNAMIC_PAIRS,_SPHERE,_COULOMB,_LENNARD,_MODELLER :        T       T       F       F       F
SPHERE_STDV                                       :    0.050
RADII_FACTOR                                      :    0.820
Current energy                                    :        1542.3256





Summary of the restraint violations: 

   NUM     ... number of restraints.
   NUMVI   ... number of restraints with RVIOL > VIOL_REPORT_CUT[i].
   RVIOL   ... relative difference from the best value.
   NUMVP   ... number of restraints with -Ln(pdf) > VIOL_REPORT_CUT2[i].
   RMS_1   ... RMS(feature, minimally_violated_basis_restraint, NUMB).
   RMS_2   ... RMS(feature, best_value, NUMB).
   MOL.PDF ... scaled contribution to -Ln(Molecular pdf).

 #                     RESTRAINT_GROUP      NUM   NUMVI  NUMVP   RMS_1   RMS_2         MOL.PDF     S_i
------------------------------------------------------------------------------------------------------
 1 Bond length potential              :    2134       0      0   0.006   0.006      22.204       1.000
 2 Bond angle potential               :    2910       0      8   2.094   2.094      252.67       1.000
 3 Stereochemical cosine torsion poten:    1404       0     41  48.875  48.875      527.81       1.000
 4 Stereochemical improper torsion pot:     887       0      0   1.148   1.148      27.167       1.000
 5 Soft-sphere overlap restraints     :    4585       0      0   0.002   0.002      2.1954       1.000
 6 Lennard-Jones 6-12 potential       :       0       0      0   0.000   0.000      0.0000       1.000
 7 Coulomb point-point electrostatic p:       0       0      0   0.000   0.000      0.0000       1.000
 8 H-bonding potential                :       0       0      0   0.000   0.000      0.0000       1.000
 9 Distance restraints 1 (CA-CA)      :    6012       0      9   0.259   0.259      137.43       1.000
10 Distance restraints 2 (N-O)        :    6065       0      5   0.301   0.301      179.01       1.000
11 Mainchain Phi dihedral restraints  :       0       0      0   0.000   0.000      0.0000       1.000
12 Mainchain Psi dihedral restraints  :       0       0      0   0.000   0.000      0.0000       1.000
13 Mainchain Omega dihedral restraints:     278       1      3  11.419  11.419      54.532       1.000
14 Sidechain Chi_1 dihedral restraints:     222       0      3  70.675  70.675      40.392       1.000
15 Sidechain Chi_2 dihedral restraints:     144       0      0  70.964  70.964      37.446       1.000
16 Sidechain Chi_3 dihedral restraints:      60       0      0  59.394  59.394      26.706       1.000
17 Sidechain Chi_4 dihedral restraints:      23       0      0 108.767 108.767      14.014       1.000
18 Disulfide distance restraints      :       0       0      0   0.000   0.000      0.0000       1.000
19 Disulfide angle restraints         :       0       0      0   0.000   0.000      0.0000       1.000
20 Disulfide dihedral angle restraints:       0       0      0   0.000   0.000      0.0000       1.000
21 Lower bound distance restraints    :       0       0      0   0.000   0.000      0.0000       1.000
22 Upper bound distance restraints    :       0       0      0   0.000   0.000      0.0000       1.000
23 Distance restraints 3 (SDCH-MNCH)  :    2679       0      0   0.365   0.365      46.355       1.000
24 Sidechain Chi_5 dihedral restraints:       0       0      0   0.000   0.000      0.0000       1.000
25 Phi/Psi pair of dihedral restraints:     277      34     31  28.973  61.060      119.71       1.000
26 Distance restraints 4 (SDCH-SDCH)  :    1210       0      1   0.579   0.579      54.694       1.000
27 Distance restraints 5 (X-Y)        :       0       0      0   0.000   0.000      0.0000       1.000
28 NMR distance restraints 6 (X-Y)    :       0       0      0   0.000   0.000      0.0000       1.000
29 NMR distance restraints 7 (X-Y)    :       0       0      0   0.000   0.000      0.0000       1.000
30 Minimal distance restraints        :       0       0      0   0.000   0.000      0.0000       1.000
31 Non-bonded restraints              :       0       0      0   0.000   0.000      0.0000       1.000
32 Atomic accessibility restraints    :       0       0      0   0.000   0.000      0.0000       1.000
33 Atomic density restraints          :       0       0      0   0.000   0.000      0.0000       1.000
34 Absolute position restraints       :       0       0      0   0.000   0.000      0.0000       1.000
35 Dihedral angle difference restraint:       0       0      0   0.000   0.000      0.0000       1.000
36 GBSA implicit solvent potential    :       0       0      0   0.000   0.000      0.0000       1.000
37 EM density fitting potential       :       0       0      0   0.000   0.000      0.0000       1.000
38 SAXS restraints                    :       0       0      0   0.000   0.000      0.0000       1.000
39 Symmetry restraints                :       0       0      0   0.000   0.000      0.0000       1.000



# Heavy relative violation of each residue is written to: BURK.V99990005
# The profile is NOT normalized by the number of restraints.
# The profiles are smoothed over a window of residues:    1
# The sum of all numbers in the file:   28065.1426



List of the violated restraints:
   A restraint is violated when the relative difference
   from the best value (RVIOL) is larger than CUTOFF.

   ICSR   ... index of a restraint in the current set.
   RESNO  ... residue numbers of the first two atoms.
   ATM    ... IUPAC atom names of the first two atoms.
   FEAT   ... the value of the feature in the model.
   restr  ... the mean of the basis restraint with the smallest
              difference from the model (local minimum).
   viol   ... difference from the local minimum.
   rviol  ... relative difference from the local minimum.
   RESTR  ... the best value (global minimum).
   VIOL   ... difference from the best value.
   RVIOL  ... relative difference from the best value.


-------------------------------------------------------------------------------------------------

Feature 13                           : Mainchain Omega dihedral restraints     
List of the RVIOL violations larger than   :       4.5000

    #   ICSR  RESNO1/2 ATM1/2   INDATM1/2    FEAT   restr    viol   rviol   RESTR    VIOL   RVIOL
    1   7874 262C 262C CA  C    1948 1951   -1.20 -179.18  177.98   41.37 -179.18  177.98   41.37

-------------------------------------------------------------------------------------------------

Feature 25                           : Phi/Psi pair of dihedral restraints     
List of the RVIOL violations larger than   :       6.5000

    #   ICSR  RESNO1/2 ATM1/2   INDATM1/2    FEAT   restr    viol   rviol   RESTR    VIOL   RVIOL
    1   7340   5R   6L C   N      43   45  -25.55  -70.70   49.44    3.73  -63.50  167.03   25.51
    1          6L   6L N   CA     45   46  121.46  141.60                  -41.20
    2   7341   6L   7F C   N      51   53 -164.87 -124.20   51.33    1.33  -63.20  173.90   30.34
    2          7F   7F N   CA     53   54  174.62  143.30                  -44.30
    3   7342   7F   8Q C   N      62   64 -111.29 -121.10   13.34    0.43  -63.80  177.43   23.87
    3          8Q   8Q N   CA     64   65  130.65  139.70                  -40.30
    4   7344   9V  10A C   N      78   80 -158.60 -134.00   24.73    0.73  -62.50 -165.07   37.07
    4         10A  10A N   CA     80   81  149.51  147.00                  -40.90
    5   7346  11C  12L C   N      89   91 -120.99 -108.50   12.79    0.58  -63.50 -174.37   23.19
    5         12L  12L N   CA     91   92  135.30  132.50                  -41.20
    6   7347  12L  13A C   N      97   99 -145.58 -134.00   12.72    0.29  -62.50 -173.60   35.00
    6         13A  13A N   CA     99  100  152.25  147.00                  -40.90
    7   7348  13A  14A C   N     102  104  -69.59  -68.20   10.60    0.90  -62.50  175.84   28.48
    7         14A  14A N   CA    104  105  134.80  145.30                  -40.90
    8   7349  14A  15T C   N     107  109 -153.70 -124.80   44.59    1.40  -63.20  167.08   27.15
    8         15T  15T N   CA    109  110  177.45  143.50                  -42.10
    9   7350  15T  16L C   N     114  116  -85.78  -70.70   20.83    1.34  -63.50  164.34   24.15
    9         16L  16L N   CA    116  117  155.98  141.60                  -41.20
   10   7352  17V  18T C   N     129  131  -99.25  -78.10   39.24    1.29  -63.20  139.78   20.33
   10         18T  18T N   CA    131  132 -177.15  149.80                  -42.10
   11   7353  18T  19A C   N     136  138  -61.00  -68.20    7.87    0.55  -62.50  176.97   28.93
   11         19A  19A N   CA    138  139  142.14  145.30                  -40.90
   12   7354  19A  20T C   N     141  143  -75.27  -78.10   19.09    0.73  -63.20  173.44   21.47
   12         20T  20T N   CA    143  144  130.92  149.80                  -42.10
   13   7355  20T  21A C   N     148  150 -120.10 -134.00   21.30    0.70  -62.50 -178.84   27.50
   13         21A  21A N   CA    150  151  130.85  147.00                  -40.90
   14   7356  21A  22A C   N     153  155   68.95  -68.20  137.68   12.07  -62.50 -151.63   31.63
   14         22A  22A N   CA    155  156  157.42  145.30                  -40.90
   15   7357  22A  23S C   N     158  160  -67.83  -72.40   23.81    1.25  -64.10  164.08   11.67
   15         23S  23S N   CA    160  161  129.03  152.40                  -35.00
   16   7358  23S  24A C   N     164  166 -111.31 -134.00   34.31    1.11  -62.50  169.35   25.84
   16         24A  24A N   CA    166  167  121.26  147.00                  -40.90
   17   7360  25V  26Q C   N     176  178  -77.59  -73.00   38.30    2.60  -63.80  143.64   20.42
   17         26Q  26Q N   CA    178  179  102.68  140.70                  -40.30
   18   7362  27I  28G C   N     193  195  -71.23 -167.20  103.24    1.51   78.70  160.52    8.96
   18         28G  28G N   CA    195  196  136.56  174.60                 -166.10
   19   7386  51S  52A C   N     362  364  179.65 -134.00   51.33    1.17  -68.20  114.64    8.87
   19         52A  52A N   CA    364  365  169.05  147.00                  145.30
   20   7400  65N  66A C   N     462  464 -100.89  -68.20   78.29    7.34  -62.50  121.31   18.42
   20         66A  66A N   CA    464  465   74.17  145.30                  -40.90
   21   7402  67G  68A C   N     471  473  164.01 -134.00   74.89    1.84  -62.50 -173.61   37.29
   21         68A  68A N   CA    473  474 -170.99  147.00                  -40.90
   22   7468 133S 134T C   N     974  976 -127.61 -124.80   41.26    1.69  -63.20  147.99   23.17
   22        134T 134T N   CA    976  977 -175.34  143.50                  -42.10
   23   7469 134T 135S C   N     981  983 -160.76 -136.60   47.15    1.77  -64.10  164.67   18.91
   23        135S 135S N   CA    983  984 -168.32  151.20                  -35.00
   24   7470 135S 136P C   N     987  989  -65.37  -58.70   11.90    0.72  -64.50  167.85   12.57
   24        136P 136P N   CA    989  990  -20.65  -30.50                  147.20
   25   7471 136P 137L C   N     994  996  -81.93  -70.70   44.43    2.97  -63.50  135.47   19.92
   25        137L 137L N   CA    996  997 -175.41  141.60                  -41.20
   26   7473 138Y 139N C   N    1014 1016 -155.90 -119.90   37.64    1.29  -63.20 -165.53   29.50
   26        139N 139N N   CA   1016 1017  147.95  137.00                  -41.10
   27   7486 151W 152S C   N    1111 1113   64.50  -64.10  157.06   14.67  -64.10  157.06   14.67
   27        152S 152S N   CA   1113 1114 -125.17  -35.00                  -35.00
   28   7521 186L 187T C   N    1356 1358 -124.22  -63.20   81.47    9.15  -63.20   81.47    9.15
   28        187T 187T N   CA   1358 1359   11.87  -42.10                  -42.10
   29   7550 215S 216R C   N    1572 1574  -81.83 -125.20   52.90    1.56  -63.00  152.58   19.41
   29        216R 216R N   CA   1574 1575  110.31  140.60                  -41.10
   30   7551 216R 217N C   N    1583 1585 -166.88 -119.90   80.89    2.51  -63.20  155.62   24.93
   30        217N 217N N   CA   1585 1586 -157.15  137.00                  -41.10
   31   7560 225T 226A C   N    1663 1665   56.34   55.40   13.97    0.92  -62.50  150.92   30.52
   31        226A 226A N   CA   1665 1666   52.13   38.20                  -40.90
   32   7597 262C 263S C   N    1951 1953  -65.41  -64.10   41.94    3.12  -72.40  130.86    7.94
   32        263S 263S N   CA   1953 1954  -76.92  -35.00                  152.40
   33   7601 266N 267A C   N    1980 1982  -69.44  -62.50    9.39    1.47 -134.00 -170.25   11.67
   33        267A 267A N   CA   1982 1983  -34.57  -40.90                  147.00
   34   7611 276E 277R C   N    2058 2060 -134.64 -125.20   54.40    2.81  -72.10   83.21    7.22
   34        277R 277R N   CA   2060 2061   87.02  140.60                  141.90


report______> Distribution of short non-bonded contacts:


DISTANCE1:  0.00 2.10 2.20 2.30 2.40 2.50 2.60 2.70 2.80 2.90 3.00 3.10 3.20 3.30 3.40
DISTANCE2:  2.10 2.20 2.30 2.40 2.50 2.60 2.70 2.80 2.90 3.00 3.10 3.20 3.30 3.40 3.50
FREQUENCY:     0    0    0    0    0   17   20  112  136  214  228  245  267  330  345


<< end of ENERGY.

>> Summary of successfully produced models:
Filename                          molpdf     DOPE score    GA341 score
----------------------------------------------------------------------
BURK.B99990001.pdb            1546.63135   -27532.74023        1.00000
BURK.B99990002.pdb            1643.37134   -27165.04492        1.00000
BURK.B99990003.pdb            1633.68445   -27515.25586        1.00000
BURK.B99990004.pdb            1620.52332   -27780.79102        1.00000
BURK.B99990005.pdb            1542.32556   -27806.05078        1.00000

Total CPU time [seconds]                                 :      86.45
